<?xml version="1.0" encoding="UTF-8"?>
<!-- Generated by org.testng.reporters.JUnitReportReporter -->
<testsuite skipped="0" hostname="DESKTOP-IKI9LTI" name="com.inetbanking.testCases.TC_AddCustomerTest_003" tests="1" failures="0" timestamp="08 Mar 2021 13:07:29 GMT" time="26.705" errors="0">
  <testcase name="addNewCustomer" time="26.705" classname="com.inetbanking.testCases.TC_AddCustomerTest_003"/>
</testsuite> <!-- com.inetbanking.testCases.TC_AddCustomerTest_003 -->
