<?xml version="1.0" encoding="UTF-8"?>
<!-- Generated by org.testng.reporters.JUnitReportReporter -->
<testsuite skipped="0" hostname="DESKTOP-IKI9LTI" name="com.inetbanking.testCases.TC_LoginTest_001" tests="1" failures="0" timestamp="08 Mar 2021 13:07:29 GMT" time="2.957" errors="0">
  <testcase name="loginTest" time="2.957" classname="com.inetbanking.testCases.TC_LoginTest_001"/>
</testsuite> <!-- com.inetbanking.testCases.TC_LoginTest_001 -->
